This is pdfeTeX, Version 3.141592-1.21a-2.2 (Web2C 7.5.4) (format=pdflatex 2006.1.11)  11 JAN 2006 00:31
entering extended mode
**cv
(./cv.tex
LaTeX2e <2003/12/01>
Babel <v3.8d> and hyphenation patterns for american, french, german, ngerman, b
ahasa, basque, bulgarian, catalan, croatian, czech, danish, dutch, esperanto, e
stonian, finnish, greek, icelandic, irish, italian, latin, magyar, norsk, polis
h, portuges, romanian, russian, serbian, slovak, slovene, spanish, swedish, tur
kish, ukrainian, nohyphenation, loaded.
(./cv.cls
Document Class: cv 2001/06/18 Curriculum vitae version 1.5
(/home/ockleor/share/texmf-dist/tex/latex/base/article.cls
Document Class: article 2004/02/16 v1.4f Standard LaTeX document class
(/home/ockleor/share/texmf-dist/tex/latex/base/size10.clo
File: size10.clo 2004/02/16 v1.4f Standard LaTeX file (size option)
)
\c@part=\count79
\c@section=\count80
\c@subsection=\count81
\c@subsubsection=\count82
\c@paragraph=\count83
\c@subparagraph=\count84
\c@figure=\count85
\c@table=\count86
\abovecaptionskip=\skip41
\belowcaptionskip=\skip42
\bibindent=\dimen102
)
\t@picmargin=\skip43
\topic@label@length=\skip44
)
(/home/ockleor/share/texmf-dist/tex/latex/base/inputenc.sty
Package: inputenc 2004/02/05 v1.0d Input encoding file

(/home/ockleor/share/texmf-dist/tex/latex/base/latin1.def
File: latin1.def 2004/02/05 v1.0d Input encoding file
))
(/home/ockleor/share/texmf-dist/tex/latex/a4wide/a4wide.sty
Package: a4wide 1994/08/30

(/home/ockleor/share/texmf-dist/tex/latex/ntgclass/a4.sty
Package: a4 2004/04/15 v1.2g A4 based page layout
))
(/home/ockleor/share/texmf-dist/tex/latex/graphics/graphicx.sty
Package: graphicx 1999/02/16 v1.0f Enhanced LaTeX Graphics (DPC,SPQR)

(/home/ockleor/share/texmf-dist/tex/latex/graphics/keyval.sty
Package: keyval 1999/03/16 v1.13 key=value parser (DPC)
\KV@toks@=\toks14
)
(/home/ockleor/share/texmf-dist/tex/latex/graphics/graphics.sty
Package: graphics 2001/07/07 v1.0n Standard LaTeX Graphics (DPC,SPQR)

(/home/ockleor/share/texmf-dist/tex/latex/graphics/trig.sty
Package: trig 1999/03/16 v1.09 sin cos tan (DPC)
)
(/home/ockleor/share/texmf-dist/tex/latex/graphics/graphics.cfg
File: graphics.cfg 2005/02/03 v1.3 graphics configuration of teTeX/TeXLive
)
Package graphics Info: Driver file: pdftex.def on input line 80.

(/home/ockleor/share/texmf-dist/tex/latex/graphics/pdftex.def
File: pdftex.def 2002/06/19 v0.03k graphics/color for pdftex
\Gread@gobject=\count87
))
\Gin@req@height=\dimen103
\Gin@req@width=\dimen104
)
(/home/ockleor/share/texmf-dist/tex/latex/tools/longtable.sty
Package: longtable 2004/02/01 v4.11 Multi-page Table package (DPC)
\LTleft=\skip45
\LTright=\skip46
\LTpre=\skip47
\LTpost=\skip48
\LTchunksize=\count88
\LTcapwidth=\dimen105
\LT@head=\box26
\LT@firsthead=\box27
\LT@foot=\box28
\LT@lastfoot=\box29
\LT@cols=\count89
\LT@rows=\count90
\c@LT@tables=\count91
\c@LT@chunks=\count92
\LT@p@ftn=\toks15
)
(/home/ockleor/share/texmf-dist/tex/generic/babel/babel.sty
Package: babel 2004/11/20 v3.8d The Babel package

(/home/ockleor/share/texmf-dist/tex/generic/babel/english.ldf
Language: english 2004/06/14 v3.3o English support from the babel system

(/home/ockleor/share/texmf-dist/tex/generic/babel/babel.def
File: babel.def 2004/11/20 v3.8d Babel common definitions
\babel@savecnt=\count93
\U@D=\dimen106
)
\l@british = a dialect from \language\l@english 
\l@UKenglish = a dialect from \language\l@english 
\l@canadian = a dialect from \language\l@american 
\l@australian = a dialect from \language\l@british 
\l@newzealand = a dialect from \language\l@british 
)) (./cv.aux)
\openout1 = `cv.aux'.

LaTeX Font Info:    Checking defaults for OML/cmm/m/it on input line 17.
LaTeX Font Info:    ... okay on input line 17.
LaTeX Font Info:    Checking defaults for T1/cmr/m/n on input line 17.
LaTeX Font Info:    ... okay on input line 17.
LaTeX Font Info:    Checking defaults for OT1/cmr/m/n on input line 17.
LaTeX Font Info:    ... okay on input line 17.
LaTeX Font Info:    Checking defaults for OMS/cmsy/m/n on input line 17.
LaTeX Font Info:    ... okay on input line 17.
LaTeX Font Info:    Checking defaults for OMX/cmex/m/n on input line 17.
LaTeX Font Info:    ... okay on input line 17.
LaTeX Font Info:    Checking defaults for U/cmr/m/n on input line 17.
LaTeX Font Info:    ... okay on input line 17.

(/home/ockleor/share/texmf-dist/tex/context/base/supp-pdf.tex
(/home/ockleor/share/texmf-dist/tex/context/base/supp-mis.tex
loading : Context Support Macros / Miscellaneous (2004.10.26)
\protectiondepth=\count94
\scratchcounter=\count95
\scratchtoks=\toks16
\scratchdimen=\dimen107
\scratchskip=\skip49
\scratchmuskip=\muskip10
\scratchbox=\box30
\scratchread=\read1
\scratchwrite=\write3
\zeropoint=\dimen108
\onepoint=\dimen109
\onebasepoint=\dimen110
\minusone=\count96
\thousandpoint=\dimen111
\onerealpoint=\dimen112
\emptytoks=\toks17
\nextbox=\box31
\nextdepth=\dimen113
\everyline=\toks18
\!!counta=\count97
\!!countb=\count98
\recursecounter=\count99
)
loading : Context Support Macros / PDF (2004.03.26)
\nofMPsegments=\count100
\nofMParguments=\count101
\MPscratchCnt=\count102
\MPscratchDim=\dimen114
\MPnumerator=\count103
\everyMPtoPDFconversion=\toks19
)
LaTeX Font Info:    External font `cmex10' loaded for size
(Font)              <7> on input line 19.
LaTeX Font Info:    External font `cmex10' loaded for size
(Font)              <5> on input line 19.

Underfull \hbox (badness 2012) in paragraph at lines 39--39
[]\OT1/cmr/m/n/10 19th July, 1983; K^^?oln,
 []


Underfull \hbox (badness 10000) in paragraph at lines 39--39
[]\OT1/cmr/m/n/10 Australian (nat-u-ralised
 []

<Strauss_Martin.jpg, id=1, 401.5pt x 301.125pt>
File: Strauss_Martin.jpg Graphic file (type jpg)
 <use Strauss_Martin.jpg>
[1

{/home/ockleor/share/texmf-var/fonts/map/pdftex/updmap/pdftex.map} <./Strauss_M
artin.jpg>]
Overfull \hbox (12.19669pt too wide) in paragraph at lines 70--71
[]\OT1/cmr/bx/n/10 Software En-gi-neer-ing Project and Ad-vanced Soft-ware En-g
i-neer-ing Project 
 []

[2]
Overfull \hbox (4.05215pt too wide) in paragraph at lines 108--109
[]\OT1/cmr/bx/n/10 House cap-tain, Austin House (Mid-dle School), Gee-long Gram
-mar School 
 []

[3] [4] [5] (./cv.aux) ) 
Here is how much of TeX's memory you used:
 1395 strings out of 94500
 17329 string characters out of 1174484
 70776 words of memory out of 1000000
 4585 multiletter control sequences out of 10000+50000
 5571 words of font info for 20 fonts, out of 500000 for 2000
 580 hyphenation exceptions out of 1000
 29i,14n,21p,1492b,261s stack positions out of 1500i,500n,5000p,200000b,5000s
PDF statistics:
 32 PDF objects out of 300000
 0 named destinations out of 131072
 6 words of extra memory for PDF output out of 65536
</home/ockleor/share/texmf-dist/fonts/type1/bluesky/cm/
cmti10.pfb></home/ockleor/share/texmf-dist/fonts/type1/bluesky/cm/cmbx10.pfb></
home/ockleor/share/texmf-dist/fonts/type1/bluesky/cm/cmssi10.pfb></home/ockleor
/share/texmf-dist/fonts/type1/bluesky/cm/cmr10.pfb></home/ockleor/share/texmf-d
ist/fonts/type1/bluesky/cm/cmssdc10.pfb>
Output written on cv.pdf (5 pages, 75595 bytes).
